

Microchip MPLAB XC8 Assembler V2.36 build 20220127204148 
                                                                                               Wed Jun 08 21:26:20 2022

Microchip MPLAB XC8 C Compiler v2.36 (Free license) build 20220127204148 Og1 
     1                           	processor	18F4550
     2                           	fnconf	rparam,??,?,0
     3                           	pagewidth 120
     4                           	opt	flic
     5                           	psect	idataCOMRAM,global,class=CODE,delta=1,noexec
     6                           	psect	cinit,global,reloc=2,class=CODE,delta=1
     7                           	psect	dataCOMRAM,global,class=COMRAM,space=1,delta=1,lowdata,noexec
     8                           	psect	cstackCOMRAM,global,class=COMRAM,space=1,delta=1,lowdata,noexec
     9                           	psect	text0,global,reloc=2,class=CODE,delta=1
    10                           	psect	text1,global,reloc=2,class=CODE,delta=1
    11                           	psect	intsave_regs,global,class=BIGRAM,space=1,delta=1,noexec
    12                           	psect	rparam,global,class=COMRAM,space=1,delta=1,noexec
    13                           	psect	idloc,global,abs,ovrld,class=IDLOC,space=5,delta=1,noexec
    14                           	psect	config,global,abs,ovrld,class=CONFIG,space=4,delta=1,noexec
    15  0000                     
    16                           ; Version 2.40
    17                           ; Generated 17/11/2021 GMT
    18                           ; 
    19                           ; Copyright © 2021, Microchip Technology Inc. and its subsidiaries ("Microchip")
    20                           ; All rights reserved.
    21                           ; 
    22                           ; This software is developed by Microchip Technology Inc. and its subsidiaries ("Microch
      +                          ip").
    23                           ; 
    24                           ; Redistribution and use in source and binary forms, with or without modification, are
    25                           ; permitted provided that the following conditions are met:
    26                           ; 
    27                           ;     1. Redistributions of source code must retain the above copyright notice, this lis
      +                          t of
    28                           ;        conditions and the following disclaimer.
    29                           ; 
    30                           ;     2. Redistributions in binary form must reproduce the above copyright notice, this 
      +                          list
    31                           ;        of conditions and the following disclaimer in the documentation and/or other
    32                           ;        materials provided with the distribution. Publication is not required when
    33                           ;        this file is used in an embedded application.
    34                           ; 
    35                           ;     3. Microchip's name may not be used to endorse or promote products derived from th
      +                          is
    36                           ;        software without specific prior written permission.
    37                           ; 
    38                           ; THIS SOFTWARE IS PROVIDED BY MICROCHIP "AS IS" AND ANY EXPRESS OR IMPLIED WARRANTIES,
    39                           ; INCLUDING, BUT NOT LIMITED TO, THE IMPLIED WARRANTIES OF MERCHANTABILITY AND FITNESS F
      +                          OR
    40                           ; PURPOSE ARE DISCLAIMED.  IN NO EVENT SHALL MICROCHIP BE LIABLE FOR ANY DIRECT, INDIREC
      +                          T,
    41                           ; INCIDENTAL, SPECIAL, EXEMPLARY, OR CONSEQUENTIAL DAMAGES (INCLUDING BUT NOT LIMITED TO
    42                           ; PROCUREMENT OF SUBSTITUTE GOODS OR SERVICES; LOSS OF USE, DATA OR PROFITS; OR BUSINESS
    43                           ; INTERRUPTION) HOWSOEVER CAUSED AND ON ANY THEORY OF LIABILITY, WHETHER IN CONTRACT, ST
      +                          RICT
    44                           ; LIABILITY, OR TORT (INCLUDING NEGLIGENCE OR OTHERWISE) ARISING IN ANY WAY OUT OF THE U
      +                          SE OF
    45                           ; THIS SOFTWARE, EVEN IF ADVISED OF THE POSSIBILITY OF SUCH DAMAGE.
    46                           ; 
    47                           ; 
    48                           ; Code-generator required, PIC18F4550 Definitions
    49                           ; 
    50                           ; SFR Addresses
    51  0000                     
    52                           	psect	idataCOMRAM
    53  007E25                     __pidataCOMRAM:
    54                           	callstack 0
    55                           
    56                           ;initializer for _velocidad
    57  007E25  0001               	dw	1
    58  007E27  0000               	dw	0
    59                           
    60                           ;initializer for _efecto
    61  007E29  01                 	db	1
    62  0000                     _PORTBbits	set	3969
    63  0000                     _LATD	set	3980
    64  0000                     _TRISD	set	3989
    65  0000                     _OSCCON	set	4051
    66  0000                     _INTCON2bits	set	4081
    67  0000                     _TRISBbits	set	3987
    68                           
    69                           ; #config settings
    70                           
    71                           	psect	cinit
    72  007E4A                     __pcinit:
    73                           	callstack 0
    74  007E4A                     start_initialization:
    75                           	callstack 0
    76  007E4A                     __initialization:
    77                           	callstack 0
    78                           
    79                           ; Initialize objects allocated to COMRAM (5 bytes)
    80                           ; load TBLPTR registers with __pidataCOMRAM
    81  007E4A  0E25               	movlw	low __pidataCOMRAM
    82  007E4C  6EF6               	movwf	tblptrl,c
    83  007E4E  0E7E               	movlw	high __pidataCOMRAM
    84  007E50  6EF7               	movwf	tblptrh,c
    85  007E52  0E00               	movlw	low (__pidataCOMRAM shr (0+16))
    86  007E54  6EF8               	movwf	tblptru,c
    87  007E56  EE00  F009         	lfsr	0,__pdataCOMRAM
    88  007E5A  EE10 F005          	lfsr	1,5
    89  007E5E                     copy_data0:
    90  007E5E  0009               	tblrd		*+
    91  007E60  CFF5 FFEE          	movff	tablat,postinc0
    92  007E64  50E5               	movf	postdec1,w,c
    93  007E66  50E1               	movf	fsr1l,w,c
    94  007E68  E1FA               	bnz	copy_data0
    95  007E6A                     end_of_initialization:
    96                           	callstack 0
    97  007E6A                     __end_of__initialization:
    98                           	callstack 0
    99  007E6A  0100               	movlb	0
   100  007E6C  EF15  F03F         	goto	_main	;jump to C main() function
   101                           
   102                           	psect	dataCOMRAM
   103  000009                     __pdataCOMRAM:
   104                           	callstack 0
   105  000009                     _velocidad:
   106                           	callstack 0
   107  000009                     	ds	4
   108  00000D                     _efecto:
   109                           	callstack 0
   110  00000D                     	ds	1
   111                           
   112                           	psect	cstackCOMRAM
   113  000001                     __pcstackCOMRAM:
   114                           	callstack 0
   115  000001                     ??_secuencial_Efecto5:
   116  000001                     
   117                           ; 2 bytes @ 0x0
   118  000001                     	ds	6
   119  000007                     secuencial_Efecto5@i:
   120                           	callstack 0
   121                           
   122                           ; 2 bytes @ 0x6
   123  000007                     	ds	2
   124  000009                     
   125                           ; 1 bytes @ 0x8
   126 ;;
   127 ;;Main: autosize = 0, tempsize = 0, incstack = 0, save=0
   128 ;;
   129 ;; *************** function _main *****************
   130 ;; Defined at:
   131 ;;		line 51 in file "main.c"
   132 ;; Parameters:    Size  Location     Type
   133 ;;		None
   134 ;; Auto vars:     Size  Location     Type
   135 ;;		None
   136 ;; Return value:  Size  Location     Type
   137 ;;                  2   24[None  ] int 
   138 ;; Registers used:
   139 ;;		wreg, status,2, status,0, cstack
   140 ;; Tracked objects:
   141 ;;		On entry : 0/0
   142 ;;		On exit  : 0/0
   143 ;;		Unchanged: 0/0
   144 ;; Data sizes:     COMRAM   BANK0   BANK1   BANK2   BANK3   BANK4   BANK5   BANK6   BANK7
   145 ;;      Params:         0       0       0       0       0       0       0       0       0
   146 ;;      Locals:         0       0       0       0       0       0       0       0       0
   147 ;;      Temps:          0       0       0       0       0       0       0       0       0
   148 ;;      Totals:         0       0       0       0       0       0       0       0       0
   149 ;;Total ram usage:        0 bytes
   150 ;; Hardware stack levels required when called: 1
   151 ;; This function calls:
   152 ;;		_secuencial_Efecto5
   153 ;; This function is called by:
   154 ;;		Startup code after reset
   155 ;; This function uses a non-reentrant model
   156 ;;
   157                           
   158                           	psect	text0
   159  007E2A                     __ptext0:
   160                           	callstack 0
   161  007E2A                     _main:
   162                           	callstack 30
   163  007E2A                     
   164                           ;main.c: 52:     OSCCON=0x72;
   165  007E2A  0E72               	movlw	114
   166  007E2C  6ED3               	movwf	211,c	;volatile
   167                           
   168                           ;main.c: 53:     TRISD = 0;
   169  007E2E  0E00               	movlw	0
   170  007E30  6E95               	movwf	149,c	;volatile
   171                           
   172                           ;main.c: 54:     LATD = 0;
   173  007E32  0E00               	movlw	0
   174  007E34  6E8C               	movwf	140,c	;volatile
   175  007E36                     
   176                           ;main.c: 56:     TRISBbits.TRISB6 = 1;
   177  007E36  8C93               	bsf	147,6,c	;volatile
   178  007E38                     
   179                           ;main.c: 57:     TRISBbits.TRISB5 = 1;
   180  007E38  8A93               	bsf	147,5,c	;volatile
   181  007E3A                     
   182                           ;main.c: 58:     TRISBbits.TRISB4 = 1;
   183  007E3A  8893               	bsf	147,4,c	;volatile
   184  007E3C                     
   185                           ;main.c: 59:     INTCON2bits.RBPU = 0;
   186  007E3C  9EF1               	bcf	241,7,c	;volatile
   187  007E3E                     l818:
   188                           
   189                           ;main.c: 69:         secuencial_Efecto5();
   190  007E3E  EC38  F03F         	call	_secuencial_Efecto5	;wreg free
   191  007E42  EF1F  F03F         	goto	l818
   192  007E46  EF00  F000         	goto	start
   193  007E4A                     __end_of_main:
   194                           	callstack 0
   195                           
   196 ;; *************** function _secuencial_Efecto5 *****************
   197 ;; Defined at:
   198 ;;		line 163 in file "main.c"
   199 ;; Parameters:    Size  Location     Type
   200 ;;		None
   201 ;; Auto vars:     Size  Location     Type
   202 ;;  i               2    6[COMRAM] int 
   203 ;; Return value:  Size  Location     Type
   204 ;;                  1    wreg      void 
   205 ;; Registers used:
   206 ;;		wreg, status,2, status,0
   207 ;; Tracked objects:
   208 ;;		On entry : 0/0
   209 ;;		On exit  : 0/0
   210 ;;		Unchanged: 0/0
   211 ;; Data sizes:     COMRAM   BANK0   BANK1   BANK2   BANK3   BANK4   BANK5   BANK6   BANK7
   212 ;;      Params:         0       0       0       0       0       0       0       0       0
   213 ;;      Locals:         2       0       0       0       0       0       0       0       0
   214 ;;      Temps:          6       0       0       0       0       0       0       0       0
   215 ;;      Totals:         8       0       0       0       0       0       0       0       0
   216 ;;Total ram usage:        8 bytes
   217 ;; Hardware stack levels used: 1
   218 ;; This function calls:
   219 ;;		Nothing
   220 ;; This function is called by:
   221 ;;		_main
   222 ;; This function uses a non-reentrant model
   223 ;;
   224                           
   225                           	psect	text1
   226  007E70                     __ptext1:
   227                           	callstack 0
   228  007E70                     _secuencial_Efecto5:
   229                           	callstack 30
   230  007E70                     
   231                           ;main.c: 164:     for (int i = 0; i < 8; i++){
   232  007E70  0E00               	movlw	0
   233  007E72  6E08               	movwf	(secuencial_Efecto5@i+1)^0,c
   234  007E74  0E00               	movlw	0
   235  007E76  6E07               	movwf	secuencial_Efecto5@i^0,c
   236  007E78                     l776:
   237  007E78  BE08               	btfsc	(secuencial_Efecto5@i+1)^0,7,c
   238  007E7A  EF48  F03F         	goto	u11
   239  007E7E  5008               	movf	(secuencial_Efecto5@i+1)^0,w,c
   240  007E80  E109               	bnz	u10
   241  007E82  0E08               	movlw	8
   242  007E84  5C07               	subwf	secuencial_Efecto5@i^0,w,c
   243  007E86  A0D8               	btfss	status,0,c
   244  007E88  EF48  F03F         	goto	u11
   245  007E8C  EF4A  F03F         	goto	u10
   246  007E90                     u11:
   247  007E90  EF4C  F03F         	goto	l780
   248  007E94                     u10:
   249  007E94  EFFF  F03F         	goto	l98
   250  007E98                     l780:
   251                           
   252                           ;main.c: 165:         LATD = (1 << i) + (1 << i+1)+(1 << i+2);
   253  007E98  C007  F001         	movff	secuencial_Efecto5@i,??_secuencial_Efecto5
   254  007E9C  0E02               	movlw	2
   255  007E9E  2601               	addwf	??_secuencial_Efecto5^0,f,c
   256  007EA0  0E01               	movlw	1
   257  007EA2  6E02               	movwf	(??_secuencial_Efecto5+1)^0,c
   258  007EA4  2A01               	incf	??_secuencial_Efecto5^0,f,c
   259  007EA6  EF57  F03F         	goto	u24
   260  007EAA                     u25:
   261  007EAA  90D8               	bcf	status,0,c
   262  007EAC  3602               	rlcf	(??_secuencial_Efecto5+1)^0,f,c
   263  007EAE                     u24:
   264  007EAE  2E01               	decfsz	??_secuencial_Efecto5^0,f,c
   265  007EB0  EF55  F03F         	goto	u25
   266  007EB4  C007  F003         	movff	secuencial_Efecto5@i,??_secuencial_Efecto5+2
   267  007EB8  0E01               	movlw	1
   268  007EBA  2603               	addwf	(??_secuencial_Efecto5+2)^0,f,c
   269  007EBC  0E01               	movlw	1
   270  007EBE  6E04               	movwf	(??_secuencial_Efecto5+3)^0,c
   271  007EC0  2A03               	incf	(??_secuencial_Efecto5+2)^0,f,c
   272  007EC2  EF65  F03F         	goto	u34
   273  007EC6                     u35:
   274  007EC6  90D8               	bcf	status,0,c
   275  007EC8  3604               	rlcf	(??_secuencial_Efecto5+3)^0,f,c
   276  007ECA                     u34:
   277  007ECA  2E03               	decfsz	(??_secuencial_Efecto5+2)^0,f,c
   278  007ECC  EF63  F03F         	goto	u35
   279  007ED0  C007  F005         	movff	secuencial_Efecto5@i,??_secuencial_Efecto5+4
   280  007ED4  0E01               	movlw	1
   281  007ED6  6E06               	movwf	(??_secuencial_Efecto5+5)^0,c
   282  007ED8  2A05               	incf	(??_secuencial_Efecto5+4)^0,f,c
   283  007EDA  EF71  F03F         	goto	u44
   284  007EDE                     u45:
   285  007EDE  90D8               	bcf	status,0,c
   286  007EE0  3606               	rlcf	(??_secuencial_Efecto5+5)^0,f,c
   287  007EE2                     u44:
   288  007EE2  2E05               	decfsz	(??_secuencial_Efecto5+4)^0,f,c
   289  007EE4  EF6F  F03F         	goto	u45
   290  007EE8  5006               	movf	(??_secuencial_Efecto5+5)^0,w,c
   291  007EEA  2404               	addwf	(??_secuencial_Efecto5+3)^0,w,c
   292  007EEC  2402               	addwf	(??_secuencial_Efecto5+1)^0,w,c
   293  007EEE  6E8C               	movwf	140,c	;volatile
   294                           
   295                           ;main.c: 166:         if(velocidad==1){_delay((unsigned long)((100)*(8000000/4000.0)));}
   296  007EF0  0409               	decf	_velocidad^0,w,c
   297  007EF2  100A               	iorwf	(_velocidad+1)^0,w,c
   298  007EF4  100B               	iorwf	(_velocidad+2)^0,w,c
   299  007EF6  100C               	iorwf	(_velocidad+3)^0,w,c
   300  007EF8  A4D8               	btfss	status,2,c
   301  007EFA  EF81  F03F         	goto	u51
   302  007EFE  EF83  F03F         	goto	u50
   303  007F02                     u51:
   304  007F02  EF91  F03F         	goto	l784
   305  007F06                     u50:
   306  007F06                     l782:
   307  007F06  0E02               	movlw	2
   308  007F08  6E02               	movwf	(??_secuencial_Efecto5+1)^0,c
   309  007F0A  0E04               	movlw	4
   310  007F0C  6E01               	movwf	??_secuencial_Efecto5^0,c
   311  007F0E  0EBA               	movlw	186
   312  007F10                     u457:
   313  007F10  2EE8               	decfsz	wreg,f,c
   314  007F12  D7FE               	bra	u457
   315  007F14  2E01               	decfsz	??_secuencial_Efecto5^0,f,c
   316  007F16  D7FC               	bra	u457
   317  007F18  2E02               	decfsz	(??_secuencial_Efecto5+1)^0,f,c
   318  007F1A  D7FA               	bra	u457
   319  007F1C  D000               	nop2	
   320  007F1E  EFD3  F03F         	goto	l796
   321  007F22                     l784:
   322  007F22  0E02               	movlw	2
   323  007F24  1809               	xorwf	_velocidad^0,w,c
   324  007F26  100A               	iorwf	(_velocidad+1)^0,w,c
   325  007F28  100B               	iorwf	(_velocidad+2)^0,w,c
   326  007F2A  100C               	iorwf	(_velocidad+3)^0,w,c
   327  007F2C  A4D8               	btfss	status,2,c
   328  007F2E  EF9B  F03F         	goto	u61
   329  007F32  EF9D  F03F         	goto	u60
   330  007F36                     u61:
   331  007F36  EF9F  F03F         	goto	l788
   332  007F3A                     u60:
   333  007F3A  EF83  F03F         	goto	l782
   334  007F3E                     l788:
   335  007F3E  0E03               	movlw	3
   336  007F40  1809               	xorwf	_velocidad^0,w,c
   337  007F42  100A               	iorwf	(_velocidad+1)^0,w,c
   338  007F44  100B               	iorwf	(_velocidad+2)^0,w,c
   339  007F46  100C               	iorwf	(_velocidad+3)^0,w,c
   340  007F48  A4D8               	btfss	status,2,c
   341  007F4A  EFA9  F03F         	goto	u71
   342  007F4E  EFAB  F03F         	goto	u70
   343  007F52                     u71:
   344  007F52  EFB9  F03F         	goto	l792
   345  007F56                     u70:
   346  007F56  0E03               	movlw	3
   347  007F58  6E02               	movwf	(??_secuencial_Efecto5+1)^0,c
   348  007F5A  0E08               	movlw	8
   349  007F5C  6E01               	movwf	??_secuencial_Efecto5^0,c
   350  007F5E  0E77               	movlw	119
   351  007F60                     u467:
   352  007F60  2EE8               	decfsz	wreg,f,c
   353  007F62  D7FE               	bra	u467
   354  007F64  2E01               	decfsz	??_secuencial_Efecto5^0,f,c
   355  007F66  D7FC               	bra	u467
   356  007F68  2E02               	decfsz	(??_secuencial_Efecto5+1)^0,f,c
   357  007F6A  D7FA               	bra	u467
   358  007F6C  F000               	nop	
   359  007F6E  EFD3  F03F         	goto	l796
   360  007F72                     l792:
   361  007F72  0E04               	movlw	4
   362  007F74  1809               	xorwf	_velocidad^0,w,c
   363  007F76  100A               	iorwf	(_velocidad+1)^0,w,c
   364  007F78  100B               	iorwf	(_velocidad+2)^0,w,c
   365  007F7A  100C               	iorwf	(_velocidad+3)^0,w,c
   366  007F7C  A4D8               	btfss	status,2,c
   367  007F7E  EFC3  F03F         	goto	u81
   368  007F82  EFC5  F03F         	goto	u80
   369  007F86                     u81:
   370  007F86  EFD3  F03F         	goto	l92
   371  007F8A                     u80:
   372  007F8A  0E05               	movlw	5
   373  007F8C  6E02               	movwf	(??_secuencial_Efecto5+1)^0,c
   374  007F8E  0E0F               	movlw	15
   375  007F90  6E01               	movwf	??_secuencial_Efecto5^0,c
   376  007F92  0EF1               	movlw	241
   377  007F94                     u477:
   378  007F94  2EE8               	decfsz	wreg,f,c
   379  007F96  D7FE               	bra	u477
   380  007F98  2E01               	decfsz	??_secuencial_Efecto5^0,f,c
   381  007F9A  D7FC               	bra	u477
   382  007F9C  2E02               	decfsz	(??_secuencial_Efecto5+1)^0,f,c
   383  007F9E  D7FA               	bra	u477
   384  007FA0  F000               	nop	
   385  007FA2  EFD3  F03F         	goto	l796
   386  007FA6                     l92:
   387  007FA6                     l796:
   388                           
   389                           ;main.c: 171:         if (!PORTBbits.RB6) {
   390  007FA6  BC81               	btfsc	129,6,c	;volatile
   391  007FA8  EFD8  F03F         	goto	u91
   392  007FAC  EFDA  F03F         	goto	u90
   393  007FB0                     u91:
   394  007FB0  EFFB  F03F         	goto	l804
   395  007FB4                     u90:
   396  007FB4                     
   397                           ;main.c: 172:             _delay((unsigned long)((50)*(8000000/4000.0)));
   398  007FB4  0E82               	movlw	130
   399  007FB6  6E01               	movwf	??_secuencial_Efecto5^0,c
   400  007FB8  0EDE               	movlw	222
   401  007FBA                     u487:
   402  007FBA  2EE8               	decfsz	wreg,f,c
   403  007FBC  D7FE               	bra	u487
   404  007FBE  2E01               	decfsz	??_secuencial_Efecto5^0,f,c
   405  007FC0  D7FC               	bra	u487
   406  007FC2                     
   407                           ;main.c: 173:             if(++velocidad==5){velocidad=1;}
   408  007FC2  0E01               	movlw	1
   409  007FC4  2609               	addwf	_velocidad^0,f,c
   410  007FC6  0E00               	movlw	0
   411  007FC8  220A               	addwfc	(_velocidad+1)^0,f,c
   412  007FCA  220B               	addwfc	(_velocidad+2)^0,f,c
   413  007FCC  220C               	addwfc	(_velocidad+3)^0,f,c
   414  007FCE  0E05               	movlw	5
   415  007FD0  1809               	xorwf	_velocidad^0,w,c
   416  007FD2  100A               	iorwf	(_velocidad+1)^0,w,c
   417  007FD4  100B               	iorwf	(_velocidad+2)^0,w,c
   418  007FD6  100C               	iorwf	(_velocidad+3)^0,w,c
   419  007FD8  A4D8               	btfss	status,2,c
   420  007FDA  EFF1  F03F         	goto	u101
   421  007FDE  EFF3  F03F         	goto	u100
   422  007FE2                     u101:
   423  007FE2  EFFB  F03F         	goto	l804
   424  007FE6                     u100:
   425  007FE6  0E01               	movlw	1
   426  007FE8  6E09               	movwf	_velocidad^0,c
   427  007FEA  0E00               	movlw	0
   428  007FEC  6E0A               	movwf	(_velocidad+1)^0,c
   429  007FEE  0E00               	movlw	0
   430  007FF0  6E0B               	movwf	(_velocidad+2)^0,c
   431  007FF2  0E00               	movlw	0
   432  007FF4  6E0C               	movwf	(_velocidad+3)^0,c
   433  007FF6                     l804:
   434                           
   435                           ;main.c: 175:     }
   436  007FF6  4A07               	infsnz	secuencial_Efecto5@i^0,f,c
   437  007FF8  2A08               	incf	(secuencial_Efecto5@i+1)^0,f,c
   438  007FFA  EF3C  F03F         	goto	l776
   439  007FFE                     l98:
   440  007FFE  0012               	return		;funcret
   441  008000                     __end_of_secuencial_Efecto5:
   442                           	callstack 0
   443  0000                     
   444                           	psect	rparam
   445  0000                     
   446                           	psect	idloc
   447                           
   448                           ;Config register IDLOC0 @ 0x200000
   449                           ;	unspecified, using default values
   450  200000                     	org	2097152
   451  200000  FF                 	db	255
   452                           
   453                           ;Config register IDLOC1 @ 0x200001
   454                           ;	unspecified, using default values
   455  200001                     	org	2097153
   456  200001  FF                 	db	255
   457                           
   458                           ;Config register IDLOC2 @ 0x200002
   459                           ;	unspecified, using default values
   460  200002                     	org	2097154
   461  200002  FF                 	db	255
   462                           
   463                           ;Config register IDLOC3 @ 0x200003
   464                           ;	unspecified, using default values
   465  200003                     	org	2097155
   466  200003  FF                 	db	255
   467                           
   468                           ;Config register IDLOC4 @ 0x200004
   469                           ;	unspecified, using default values
   470  200004                     	org	2097156
   471  200004  FF                 	db	255
   472                           
   473                           ;Config register IDLOC5 @ 0x200005
   474                           ;	unspecified, using default values
   475  200005                     	org	2097157
   476  200005  FF                 	db	255
   477                           
   478                           ;Config register IDLOC6 @ 0x200006
   479                           ;	unspecified, using default values
   480  200006                     	org	2097158
   481  200006  FF                 	db	255
   482                           
   483                           ;Config register IDLOC7 @ 0x200007
   484                           ;	unspecified, using default values
   485  200007                     	org	2097159
   486  200007  FF                 	db	255
   487                           
   488                           	psect	config
   489                           
   490                           ;Config register CONFIG1L @ 0x300000
   491                           ;	PLL Prescaler Selection bits
   492                           ;	PLLDIV = 1, No prescale (4 MHz oscillator input drives PLL directly)
   493                           ;	System Clock Postscaler Selection bits
   494                           ;	CPUDIV = OSC1_PLL2, [Primary Oscillator Src: /1][96 MHz PLL Src: /2]
   495                           ;	USB Clock Selection bit (used in Full-Speed USB mode only; UCFG:FSEN = 1)
   496                           ;	USBDIV = 1, USB clock source comes directly from the primary oscillator block with no 
      +                          postscale
   497  300000                     	org	3145728
   498  300000  00                 	db	0
   499                           
   500                           ;Config register CONFIG1H @ 0x300001
   501                           ;	Oscillator Selection bits
   502                           ;	FOSC = INTOSCIO_EC, Internal oscillator, port function on RA6, EC used by USB (INTIO)
   503                           ;	Fail-Safe Clock Monitor Enable bit
   504                           ;	FCMEN = OFF, Fail-Safe Clock Monitor disabled
   505                           ;	Internal/External Oscillator Switchover bit
   506                           ;	IESO = OFF, Oscillator Switchover mode disabled
   507  300001                     	org	3145729
   508  300001  08                 	db	8
   509                           
   510                           ;Config register CONFIG2L @ 0x300002
   511                           ;	Power-up Timer Enable bit
   512                           ;	PWRT = OFF, PWRT disabled
   513                           ;	Brown-out Reset Enable bits
   514                           ;	BOR = OFF, Brown-out Reset disabled in hardware and software
   515                           ;	Brown-out Reset Voltage bits
   516                           ;	BORV = 3, Minimum setting 2.05V
   517                           ;	USB Voltage Regulator Enable bit
   518                           ;	VREGEN = OFF, USB voltage regulator disabled
   519  300002                     	org	3145730
   520  300002  19                 	db	25
   521                           
   522                           ;Config register CONFIG2H @ 0x300003
   523                           ;	Watchdog Timer Enable bit
   524                           ;	WDT = OFF, WDT disabled (control is placed on the SWDTEN bit)
   525                           ;	Watchdog Timer Postscale Select bits
   526                           ;	WDTPS = 32768, 1:32768
   527  300003                     	org	3145731
   528  300003  1E                 	db	30
   529                           
   530                           ; Padding undefined space
   531  300004                     	org	3145732
   532  300004  FF                 	db	255
   533                           
   534                           ;Config register CONFIG3H @ 0x300005
   535                           ;	CCP2 MUX bit
   536                           ;	CCP2MX = ON, CCP2 input/output is multiplexed with RC1
   537                           ;	PORTB A/D Enable bit
   538                           ;	PBADEN = ON, PORTB<4:0> pins are configured as analog input channels on Reset
   539                           ;	Low-Power Timer 1 Oscillator Enable bit
   540                           ;	LPT1OSC = OFF, Timer1 configured for higher power operation
   541                           ;	MCLR Pin Enable bit
   542                           ;	MCLRE = OFF, RE3 input pin enabled; MCLR pin disabled
   543  300005                     	org	3145733
   544  300005  03                 	db	3
   545                           
   546                           ;Config register CONFIG4L @ 0x300006
   547                           ;	Stack Full/Underflow Reset Enable bit
   548                           ;	STVREN = ON, Stack full/underflow will cause Reset
   549                           ;	Single-Supply ICSP Enable bit
   550                           ;	LVP = OFF, Single-Supply ICSP disabled
   551                           ;	Dedicated In-Circuit Debug/Programming Port (ICPORT) Enable bit
   552                           ;	ICPRT = OFF, ICPORT disabled
   553                           ;	Extended Instruction Set Enable bit
   554                           ;	XINST = OFF, Instruction set extension and Indexed Addressing mode disabled (Legacy mo
      +                          de)
   555                           ;	Background Debugger Enable bit
   556                           ;	DEBUG = 0x1, unprogrammed default
   557  300006                     	org	3145734
   558  300006  81                 	db	129
   559                           
   560                           ; Padding undefined space
   561  300007                     	org	3145735
   562  300007  FF                 	db	255
   563                           
   564                           ;Config register CONFIG5L @ 0x300008
   565                           ;	Code Protection bit
   566                           ;	CP0 = OFF, Block 0 (000800-001FFFh) is not code-protected
   567                           ;	Code Protection bit
   568                           ;	CP1 = OFF, Block 1 (002000-003FFFh) is not code-protected
   569                           ;	Code Protection bit
   570                           ;	CP2 = OFF, Block 2 (004000-005FFFh) is not code-protected
   571                           ;	Code Protection bit
   572                           ;	CP3 = OFF, Block 3 (006000-007FFFh) is not code-protected
   573  300008                     	org	3145736
   574  300008  0F                 	db	15
   575                           
   576                           ;Config register CONFIG5H @ 0x300009
   577                           ;	Boot Block Code Protection bit
   578                           ;	CPB = OFF, Boot block (000000-0007FFh) is not code-protected
   579                           ;	Data EEPROM Code Protection bit
   580                           ;	CPD = OFF, Data EEPROM is not code-protected
   581  300009                     	org	3145737
   582  300009  C0                 	db	192
   583                           
   584                           ;Config register CONFIG6L @ 0x30000A
   585                           ;	Write Protection bit
   586                           ;	WRT0 = OFF, Block 0 (000800-001FFFh) is not write-protected
   587                           ;	Write Protection bit
   588                           ;	WRT1 = OFF, Block 1 (002000-003FFFh) is not write-protected
   589                           ;	Write Protection bit
   590                           ;	WRT2 = OFF, Block 2 (004000-005FFFh) is not write-protected
   591                           ;	Write Protection bit
   592                           ;	WRT3 = OFF, Block 3 (006000-007FFFh) is not write-protected
   593  30000A                     	org	3145738
   594  30000A  0F                 	db	15
   595                           
   596                           ;Config register CONFIG6H @ 0x30000B
   597                           ;	Configuration Register Write Protection bit
   598                           ;	WRTC = OFF, Configuration registers (300000-3000FFh) are not write-protected
   599                           ;	Boot Block Write Protection bit
   600                           ;	WRTB = OFF, Boot block (000000-0007FFh) is not write-protected
   601                           ;	Data EEPROM Write Protection bit
   602                           ;	WRTD = OFF, Data EEPROM is not write-protected
   603  30000B                     	org	3145739
   604  30000B  E0                 	db	224
   605                           
   606                           ;Config register CONFIG7L @ 0x30000C
   607                           ;	Table Read Protection bit
   608                           ;	EBTR0 = OFF, Block 0 (000800-001FFFh) is not protected from table reads executed in ot
      +                          her blocks
   609                           ;	Table Read Protection bit
   610                           ;	EBTR1 = OFF, Block 1 (002000-003FFFh) is not protected from table reads executed in ot
      +                          her blocks
   611                           ;	Table Read Protection bit
   612                           ;	EBTR2 = OFF, Block 2 (004000-005FFFh) is not protected from table reads executed in ot
      +                          her blocks
   613                           ;	Table Read Protection bit
   614                           ;	EBTR3 = OFF, Block 3 (006000-007FFFh) is not protected from table reads executed in ot
      +                          her blocks
   615  30000C                     	org	3145740
   616  30000C  0F                 	db	15
   617                           
   618                           ;Config register CONFIG7H @ 0x30000D
   619                           ;	Boot Block Table Read Protection bit
   620                           ;	EBTRB = OFF, Boot block (000000-0007FFh) is not protected from table reads executed in
      +                           other blocks
   621  30000D                     	org	3145741
   622  30000D  40                 	db	64
   623                           tosu	equ	0xFFF
   624                           tosh	equ	0xFFE
   625                           tosl	equ	0xFFD
   626                           stkptr	equ	0xFFC
   627                           pclatu	equ	0xFFB
   628                           pclath	equ	0xFFA
   629                           pcl	equ	0xFF9
   630                           tblptru	equ	0xFF8
   631                           tblptrh	equ	0xFF7
   632                           tblptrl	equ	0xFF6
   633                           tablat	equ	0xFF5
   634                           prodh	equ	0xFF4
   635                           prodl	equ	0xFF3
   636                           indf0	equ	0xFEF
   637                           postinc0	equ	0xFEE
   638                           postdec0	equ	0xFED
   639                           preinc0	equ	0xFEC
   640                           plusw0	equ	0xFEB
   641                           fsr0h	equ	0xFEA
   642                           fsr0l	equ	0xFE9
   643                           wreg	equ	0xFE8
   644                           indf1	equ	0xFE7
   645                           postinc1	equ	0xFE6
   646                           postdec1	equ	0xFE5
   647                           preinc1	equ	0xFE4
   648                           plusw1	equ	0xFE3
   649                           fsr1h	equ	0xFE2
   650                           fsr1l	equ	0xFE1
   651                           bsr	equ	0xFE0
   652                           indf2	equ	0xFDF
   653                           postinc2	equ	0xFDE
   654                           postdec2	equ	0xFDD
   655                           preinc2	equ	0xFDC
   656                           plusw2	equ	0xFDB
   657                           fsr2h	equ	0xFDA
   658                           fsr2l	equ	0xFD9
   659                           status	equ	0xFD8

Data Sizes:
    Strings     0
    Constant    0
    Data        5
    BSS         0
    Persistent  0
    Stack       0

Auto Spaces:
    Space          Size  Autos    Used
    COMRAM           95      8      13
    BANK0           160      0       0
    BANK1           256      0       0
    BANK2           256      0       0
    BANK3           256      0       0
    BANK4           256      0       0
    BANK5           256      0       0
    BANK6           256      0       0
    BANK7           256      0       0

Pointer List with Targets:

    None.

Critical Paths under _main in COMRAM

    _main->_secuencial_Efecto5

Critical Paths under _main in BANK0

    None.

Critical Paths under _main in BANK1

    None.

Critical Paths under _main in BANK2

    None.

Critical Paths under _main in BANK3

    None.

Critical Paths under _main in BANK4

    None.

Critical Paths under _main in BANK5

    None.

Critical Paths under _main in BANK6

    None.

Critical Paths under _main in BANK7

    None.

Call Graph Tables:

 ---------------------------------------------------------------------------------
 (Depth) Function   	        Calls       Base Space   Used Autos Params    Refs
 ---------------------------------------------------------------------------------
 (0) _main                                                 0     0      0      75
                 _secuencial_Efecto5
 ---------------------------------------------------------------------------------
 (1) _secuencial_Efecto5                                   8     8      0      75
                                              0 COMRAM     8     8      0
 ---------------------------------------------------------------------------------
 Estimated maximum stack depth 1
 ---------------------------------------------------------------------------------

 Call Graph Graphs:

 _main (ROOT)
   _secuencial_Efecto5

 Address spaces:
Name               Size   Autos  Total    Cost      Usage
BIGRAM             7FF      0       0      28        0.0%
EEDATA             100      0       0       0        0.0%
BITBANK7           100      0       0      18        0.0%
BANK7              100      0       0      19        0.0%
BITBANK6           100      0       0      16        0.0%
BANK6              100      0       0      17        0.0%
BITBANK5           100      0       0      14        0.0%
BANK5              100      0       0      15        0.0%
BITBANK4           100      0       0      12        0.0%
BANK4              100      0       0      13        0.0%
BITBANK3           100      0       0      10        0.0%
BANK3              100      0       0      11        0.0%
BITBANK2           100      0       0       8        0.0%
BANK2              100      0       0       9        0.0%
BITBANK1           100      0       0       6        0.0%
BANK1              100      0       0       7        0.0%
BITBANK0            A0      0       0       4        0.0%
BANK0               A0      0       0       5        0.0%
BITCOMRAM           5F      0       0       0        0.0%
COMRAM              5F      8       D       1       13.7%
BITBIGSFRlh         3D      0       0      22        0.0%
BITBIGSFRllll       21      0       0      26        0.0%
BITBIGSFRhl         1D      0       0      21        0.0%
BITBIGSFRhh          E      0       0      20        0.0%
BITBIGSFRlllh        A      0       0      25        0.0%
BITBIGSFRllhl        6      0       0      24        0.0%
BITBIGSFRllhh        1      0       0      23        0.0%
BIGSFR               0      0       0     200        0.0%
BITSFR               0      0       0     200        0.0%
SFR                  0      0       0     200        0.0%
STACK                0      0       0       2        0.0%
NULL                 0      0       0       0        0.0%
ABS                  0      0       D      27        0.0%
DATA                 0      0       D       3        0.0%
CODE                 0      0       0       0        0.0%


Microchip Technology PIC18 Macro Assembler V2.36 build 20220127204148 
Symbol Table                                                                                   Wed Jun 08 21:26:20 2022

                        l92 7FA6                          l98 7FFE                          u10 7E94  
                        u11 7E90                          u24 7EAE                          u25 7EAA  
                        u50 7F06                          u34 7ECA                          u51 7F02  
                        u35 7EC6                          u60 7F3A                          u44 7EE2  
                        u61 7F36                          u45 7EDE                          u70 7F56  
                        u71 7F52                          u80 7F8A                          u81 7F86  
                        u90 7FB4                          u91 7FB0                         l800 7FC2  
                       l802 7FE6                         l810 7E36                         l804 7FF6  
                       l812 7E38                         l814 7E3A                         l816 7E3C  
                       l808 7E2A                         l818 7E3E                         l780 7E98  
                       l790 7F56                         l782 7F06                         l774 7E70  
                       l792 7F72                         l784 7F22                         l776 7E78  
                       l794 7F8A                         l788 7F3E                         l796 7FA6  
                       l798 7FB4                         u100 7FE6                         u101 7FE2  
                       u457 7F10                         u467 7F60                         u477 7F94  
                       u487 7FBA                         wreg 000FE8                        _LATD 000F8C  
                      _main 7E2A                        fsr1l 000FE1                        start 0000  
              ___param_bank 000000                       ?_main 0001                       _TRISD 000F95  
                     tablat 000FF5                       status 000FD8             __initialization 7E4A  
              __end_of_main 7E4A                      ??_main 0009               __activetblptr 000000  
                    _OSCCON 000FD3                      _efecto 000D  __end_of_secuencial_Efecto5 8000  
                    isa$std 000001                __pdataCOMRAM 0009                      tblptrh 000FF7  
                    tblptrl 000FF6                      tblptru 000FF8                  __accesstop 0060  
   __end_of__initialization 7E6A               ___rparam_used 000001              __pcstackCOMRAM 0001  
       secuencial_Efecto5@i 0007                     __Hparam 0000                     __Lparam 0000  
                   __pcinit 7E4A                     __ramtop 0800                     __ptext0 7E2A  
                   __ptext1 7E70        end_of_initialization 7E6A                     postdec1 000FE5  
                   postinc0 000FEE                   _PORTBbits 000F81                   _TRISBbits 000F93  
        _secuencial_Efecto5 7E70         ?_secuencial_Efecto5 0001               __pidataCOMRAM 7E25  
      ??_secuencial_Efecto5 0001         start_initialization 7E4A                   _velocidad 0009  
               _INTCON2bits 000FF1                   copy_data0 7E5E                    __Hrparam 0000  
                  __Lrparam 0000                    isa$xinst 000000  
